 
****************************************
Report : timing
        -path end
        -delay max
        -max_paths 10000
        -sort_by slack
Design : ALU
Version: O-2018.06-SP5-1
Date   : Fri Nov 19 19:44:41 2021
****************************************

Operating Conditions: tt_1p2v_25c   Library: scx3_cmos8rf_lpvt_tt_1p2v_25c
Wire Load Model Mode: top

Endpoint                         Path Delay     Path Required     Slack
------------------------------------------------------------------------
y[0] (out)                          1.67 r            9.95         8.28
y[33] (out)                         1.65 r            9.95         8.30
y[1] (out)                          1.49 r            9.95         8.46
y[10] (out)                         1.49 r            9.95         8.46
y[9] (out)                          1.49 r            9.95         8.46
y[13] (out)                         1.48 r            9.95         8.47
y[36] (out)                         1.42 r            9.95         8.53
y[35] (out)                         1.42 r            9.95         8.53
y[28] (out)                         1.42 r            9.95         8.53
y[26] (out)                         1.42 r            9.95         8.53
y[22] (out)                         1.42 r            9.95         8.53
y[12] (out)                         1.41 r            9.95         8.54
y[24] (out)                         1.41 r            9.95         8.54
y[32] (out)                         1.41 r            9.95         8.54
y[37] (out)                         1.41 r            9.95         8.54
y[14] (out)                         1.41 r            9.95         8.54
y[31] (out)                         1.41 r            9.95         8.54
y[29] (out)                         1.41 r            9.95         8.54
y[27] (out)                         1.41 r            9.95         8.54
y[25] (out)                         1.41 r            9.95         8.54
y[23] (out)                         1.41 r            9.95         8.54
y[21] (out)                         1.41 r            9.95         8.54
y[17] (out)                         1.41 r            9.95         8.54
y[15] (out)                         1.41 r            9.95         8.54
y[8] (out)                          1.41 r            9.95         8.54
y[6] (out)                          1.41 r            9.95         8.54
y[4] (out)                          1.41 r            9.95         8.54
y[2] (out)                          1.41 r            9.95         8.54
y[11] (out)                         1.41 r            9.95         8.54
y[7] (out)                          1.41 r            9.95         8.54
y[5] (out)                          1.41 r            9.95         8.54
y[3] (out)                          1.41 r            9.95         8.54
y[38] (out)                         1.41 r            9.95         8.54
y[34] (out)                         1.41 r            9.95         8.54
y[30] (out)                         1.41 r            9.95         8.54
y[20] (out)                         1.41 r            9.95         8.54
y[19] (out)                         1.41 r            9.95         8.54
y[18] (out)                         1.41 r            9.95         8.54
y[16] (out)                         1.41 r            9.95         8.54

1
