 
****************************************
Report : timing
        -path end
        -delay max
        -max_paths 10000
        -sort_by slack
Design : FIFO
Version: O-2018.06-SP5-1
Date   : Fri Nov 19 16:47:34 2021
****************************************

 # A fanout number of 1000 was used for high fanout net computations.

Operating Conditions: tt_1p2v_25c   Library: scx3_cmos8rf_lpvt_tt_1p2v_25c
Wire Load Model Mode: top

Endpoint                         Path Delay     Path Required     Slack
------------------------------------------------------------------------
Q[15] (out)                         3.49 r           19.95        16.46
Q[14] (out)                         3.49 r           19.95        16.46
Q[11] (out)                         3.46 r           19.95        16.49
Q[10] (out)                         3.46 r           19.95        16.49
Q[9] (out)                          3.46 r           19.95        16.49
Q[8] (out)                          3.46 r           19.95        16.49
Q[7] (out)                          3.46 r           19.95        16.49
Q[6] (out)                          3.46 r           19.95        16.49
Q[5] (out)                          3.46 r           19.95        16.49
Q[4] (out)                          3.46 r           19.95        16.49
Q[3] (out)                          3.45 r           19.95        16.50
Q[2] (out)                          3.45 r           19.95        16.50
Q[1] (out)                          3.45 r           19.95        16.50
Q[13] (out)                         3.43 r           19.95        16.52
Q[12] (out)                         3.43 r           19.95        16.52
Q[0] (out)                          3.37 f           19.95        16.58

1
